        -:    0:Source:calculator.c
        -:    0:Graph:calculator.gcno
        -:    0:Data:-
        -:    0:Runs:0
        -:    0:Programs:0
        -:    1:#include <stdio.h>
        -:    2:#include <string.h>
        -:    3:
    #####:    4:int add(int a, int b) {
    #####:    5:    return a + b;
        -:    6:}
        -:    7:
    #####:    8:int multiply(int a, int b) {
    #####:    9:    return a * b;
        -:   10:}
        -:   11:
    #####:   12:void reverse_string(char *str) {
    #####:   13:    int length = strlen(str);
        -:   14:    int i, j;
        -:   15:    char temp;
    #####:   16:    for (i = 0, j = length - 1; i < j; i++, j--) {
    #####:   17:        temp = str[i];
    #####:   18:        str[i] = str[j];
    #####:   19:        str[j] = temp;
    #####:   20:    }
    #####:   21:}
        -:   22:
    #####:   23:int main() {
    #####:   24:    printf("Calculator app\n");
    #####:   25:    return 0;
        -:   26:}
